Using pre-set license
Built from '2021.3/staging' branch; Version is '2021.3.5f1 (40eb3a945986) revision 4254522'; Using compiler version '192829333'; Build Type 'Release'
OS: 'Windows 10  (10.0.19045) 64bit CoreCountrySpecific' Language: 'zh' Physical Memory: 14204 MB
BatchMode: 1, IsHumanControllingUs: 0, StartBugReporterOnCrash: 0, Is64bit: 1, IsPro: 1

COMMAND LINE ARGUMENTS:
C:\Program Files\Unity\Hub\Editor\2021.3.5f1\Editor\Unity.exe
-adb2
-batchMode
-noUpm
-name
AssetImportWorker2
-projectPath
C:/Users/62384/Desktop/abalone
-logFile
Logs/AssetImportWorker2.log
-srvPort
52862
Successfully changed project path to: C:/Users/62384/Desktop/abalone
C:/Users/62384/Desktop/abalone
[UnityMemory] Configuration Parameters - Can be set up in boot.config
    "memorysetup-bucket-allocator-granularity=16"
    "memorysetup-bucket-allocator-bucket-count=8"
    "memorysetup-bucket-allocator-block-size=33554432"
    "memorysetup-bucket-allocator-block-count=8"
    "memorysetup-main-allocator-block-size=16777216"
    "memorysetup-thread-allocator-block-size=16777216"
    "memorysetup-gfx-main-allocator-block-size=16777216"
    "memorysetup-gfx-thread-allocator-block-size=16777216"
    "memorysetup-cache-allocator-block-size=4194304"
    "memorysetup-typetree-allocator-block-size=2097152"
    "memorysetup-profiler-bucket-allocator-granularity=16"
    "memorysetup-profiler-bucket-allocator-bucket-count=8"
    "memorysetup-profiler-bucket-allocator-block-size=33554432"
    "memorysetup-profiler-bucket-allocator-block-count=8"
    "memorysetup-profiler-allocator-block-size=16777216"
    "memorysetup-profiler-editor-allocator-block-size=1048576"
    "memorysetup-temp-allocator-size-main=16777216"
    "memorysetup-job-temp-allocator-block-size=2097152"
    "memorysetup-job-temp-allocator-block-size-background=1048576"
    "memorysetup-job-temp-allocator-reduction-small-platforms=262144"
    "memorysetup-temp-allocator-size-background-worker=32768"
    "memorysetup-temp-allocator-size-job-worker=262144"
    "memorysetup-temp-allocator-size-preload-manager=33554432"
    "memorysetup-temp-allocator-size-nav-mesh-worker=65536"
    "memorysetup-temp-allocator-size-audio-worker=65536"
    "memorysetup-temp-allocator-size-cloud-worker=32768"
    "memorysetup-temp-allocator-size-gi-baking-worker=262144"
    "memorysetup-temp-allocator-size-gfx=262144"
Refreshing native plugins compatible for Editor in 32.94 ms, found 2 plugins.
Preloading 0 native plugins for Editor in 0.00 ms.
Initialize engine version: 2021.3.5f1 (40eb3a945986)
[Subsystems] Discovering subsystems at path C:/Program Files/Unity/Hub/Editor/2021.3.5f1/Editor/Data/Resources/UnitySubsystems
[Subsystems] Discovering subsystems at path C:/Users/62384/Desktop/abalone/Assets
GfxDevice: creating device client; threaded=0; jobified=0
Direct3D:
    Version:  Direct3D 11.0 [level 11.1]
    Renderer: NVIDIA GeForce RTX 3060 Laptop GPU (ID=0x2560)
    Vendor:   NVIDIA
    VRAM:     6023 MB
    Driver:   30.0.15.1236
Initialize mono
Mono path[0] = 'C:/Program Files/Unity/Hub/Editor/2021.3.5f1/Editor/Data/Managed'
Mono path[1] = 'C:/Program Files/Unity/Hub/Editor/2021.3.5f1/Editor/Data/MonoBleedingEdge/lib/mono/unityjit-win32'
Mono config path = 'C:/Program Files/Unity/Hub/Editor/2021.3.5f1/Editor/Data/MonoBleedingEdge/etc'
Using monoOptions --debugger-agent=transport=dt_socket,embedding=1,server=y,suspend=n,address=127.0.0.1:56372
Begin MonoManager ReloadAssembly
Registering precompiled unity dll's ...
Register platform support module: C:/Program Files/Unity/Hub/Editor/2021.3.5f1/Editor/Data/PlaybackEngines/WindowsStandaloneSupport/UnityEditor.WindowsStandalone.Extensions.dll
Registered in 0.022315 seconds.
Native extension for WindowsStandalone target not found
Refreshing native plugins compatible for Editor in 24.45 ms, found 2 plugins.
Preloading 0 native plugins for Editor in 0.00 ms.
Mono: successfully reloaded assembly
- Completed reload, in  0.641 seconds
Domain Reload Profiling:
	ReloadAssembly (642ms)
		BeginReloadAssembly (117ms)
			ExecutionOrderSort (0ms)
			DisableScriptedObjects (0ms)
			BackupInstance (0ms)
			ReleaseScriptingObjects (0ms)
			CreateAndSetChildDomain (1ms)
		EndReloadAssembly (372ms)
			LoadAssemblies (106ms)
			RebuildTransferFunctionScriptingTraits (0ms)
			SetupTypeCache (83ms)
			ReleaseScriptCaches (0ms)
			RebuildScriptCaches (22ms)
			SetupLoadedEditorAssemblies (200ms)
				LogAssemblyErrors (0ms)
				InitializePlatformSupportModulesInManaged (11ms)
				SetLoadedEditorAssemblies (0ms)
				RefreshPlugins (25ms)
				BeforeProcessingInitializeOnLoad (1ms)
				ProcessInitializeOnLoadAttributes (120ms)
				ProcessInitializeOnLoadMethodAttributes (43ms)
				AfterProcessingInitializeOnLoad (0ms)
				EditorAssembliesLoaded (0ms)
			ExecutionOrderSort2 (0ms)
			AwakeInstancesAfterBackupRestoration (0ms)
Platform modules already initialized, skipping
Registering precompiled user dll's ...
Registered in 0.013288 seconds.
Begin MonoManager ReloadAssembly
Native extension for WindowsStandalone target not found
Refreshing native plugins compatible for Editor in 0.37 ms, found 2 plugins.
Preloading 0 native plugins for Editor in 0.00 ms.
Mono: successfully reloaded assembly
- Completed reload, in  0.939 seconds
Domain Reload Profiling:
	ReloadAssembly (940ms)
		BeginReloadAssembly (142ms)
			ExecutionOrderSort (0ms)
			DisableScriptedObjects (5ms)
			BackupInstance (0ms)
			ReleaseScriptingObjects (0ms)
			CreateAndSetChildDomain (18ms)
		EndReloadAssembly (655ms)
			LoadAssemblies (114ms)
			RebuildTransferFunctionScriptingTraits (0ms)
			SetupTypeCache (146ms)
			ReleaseScriptCaches (0ms)
			RebuildScriptCaches (34ms)
			SetupLoadedEditorAssemblies (333ms)
				LogAssemblyErrors (0ms)
				InitializePlatformSupportModulesInManaged (10ms)
				SetLoadedEditorAssemblies (0ms)
				RefreshPlugins (0ms)
				BeforeProcessingInitializeOnLoad (84ms)
				ProcessInitializeOnLoadAttributes (179ms)
				ProcessInitializeOnLoadMethodAttributes (25ms)
				AfterProcessingInitializeOnLoad (34ms)
				EditorAssembliesLoaded (0ms)
			ExecutionOrderSort2 (0ms)
			AwakeInstancesAfterBackupRestoration (9ms)
Platform modules already initialized, skipping
========================================================================
Worker process is ready to serve import requests
Launched and connected shader compiler UnityShaderCompiler.exe after 0.05 seconds
Refreshing native plugins compatible for Editor in 0.36 ms, found 2 plugins.
Preloading 0 native plugins for Editor in 0.00 ms.
Unloading 1696 Unused Serialized files (Serialized files now loaded: 0)
Unloading 19 unused Assets / (47.3 KB). Loaded Objects now: 2184.
Memory consumption went from 86.0 MB to 86.0 MB.
Total: 2.862400 ms (FindLiveObjects: 0.136800 ms CreateObjectMapping: 0.061300 ms MarkObjects: 2.591800 ms  DeleteObjects: 0.071500 ms)

AssetImportParameters requested are different than current active one (requested -> active):
  custom:video-decoder-ogg-theora: a1e56fd34408186e4bbccfd4996cb3dc -> 
  custom:container-muxer-webm: aa71ff27fc2769a1b78a27578f13a17b -> 
  custom:container-demuxer-webm: 4f35f7cbe854078d1ac9338744f61a02 -> 
  custom:video-encoder-webm-vp8: eb34c28f22e8b96e1ab97ce403110664 -> 
  custom:video-codec-MediaFoundation-h265: 746d11721c4dcdbdad8f713fa42b33f4 -> 
  custom:audio-encoder-webm-vorbis: bf7c407c2cedff20999df2af8eb42d56 -> 
  custom:framework-win-MediaFoundation: 216162199b28c13a410421893ffa2e32 -> 
  custom:container-demuxer-ogg: 62fdf1f143b41e24485cea50d1cbac27 -> 
  custom:video-decoder-webm-vp8: 9c59270c3fd7afecdb556c50c9e8de78 -> 
  custom:audio-decoder-ogg-vorbis: bf7c407c2cedff20999df2af8eb42d56 -> 
========================================================================
Received Import Request.
  Time since last request: 1359017.970144 seconds.
  path: Assets/AI vs AI/Scripts/AGame.cs
  artifactKey: Guid(f21e8d892310d490bbe166215014675b) Importer(815301076,1909f56bfc062723c751e8b465ee728b)
Start importing Assets/AI vs AI/Scripts/AGame.cs using Guid(f21e8d892310d490bbe166215014675b) Importer(815301076,1909f56bfc062723c751e8b465ee728b)  -> (artifact id: 'b0872959219d0c54ec847eaf23948487') in 0.030579 seconds 
========================================================================
Received Import Request.
  Time since last request: 7.612533 seconds.
  path: Assets/AI vs AI/Sprites/BlackPiece.png
  artifactKey: Guid(bc563c9de68b24a58aec45b76eecb939) Importer(815301076,1909f56bfc062723c751e8b465ee728b)
Start importing Assets/AI vs AI/Sprites/BlackPiece.png using Guid(bc563c9de68b24a58aec45b76eecb939) Importer(815301076,1909f56bfc062723c751e8b465ee728b)  -> (artifact id: 'a96c3e9a3d4a61cabfedfbfa142b2997') in 0.101960 seconds 
========================================================================
Received Import Request.
  Time since last request: 76.961586 seconds.
  path: Assets/AI vs AI/Scenes
  artifactKey: Guid(4ed77d63460e34afeb94493b77a31771) Importer(815301076,1909f56bfc062723c751e8b465ee728b)
Start importing Assets/AI vs AI/Scenes using Guid(4ed77d63460e34afeb94493b77a31771) Importer(815301076,1909f56bfc062723c751e8b465ee728b)  -> (artifact id: '0226d9da0b8918e50a48ed7cc3635895') in 0.002550 seconds 
========================================================================
Received Import Request.
  Time since last request: 1.873690 seconds.
  path: Assets/AI vs AI/Sprites
  artifactKey: Guid(4c4c0d0fcd16346f09fd332de101afb6) Importer(815301076,1909f56bfc062723c751e8b465ee728b)
Start importing Assets/AI vs AI/Sprites using Guid(4c4c0d0fcd16346f09fd332de101afb6) Importer(815301076,1909f56bfc062723c751e8b465ee728b)  -> (artifact id: '2f90c44a46612d3a38ba090d408eac6b') in 0.002491 seconds 
========================================================================
Received Import Request.
  Time since last request: 5.941301 seconds.
  path: Assets/AI vs Player/Prefabs/BlackPrefab.prefab
  artifactKey: Guid(59e98d09b526d42419f91fa493cc47ec) Importer(815301076,1909f56bfc062723c751e8b465ee728b)
Start importing Assets/AI vs Player/Prefabs/BlackPrefab.prefab using Guid(59e98d09b526d42419f91fa493cc47ec) Importer(815301076,1909f56bfc062723c751e8b465ee728b)  -> (artifact id: '1311928cf99ab220f17e139053d7cf9d') in 0.041321 seconds 
========================================================================
Received Import Request.
  Time since last request: 0.000017 seconds.
  path: Assets/AI vs Player/Prefabs/MoveButtonPrefab.prefab
  artifactKey: Guid(cd2ddb7757f314c669968b5ad957d53a) Importer(815301076,1909f56bfc062723c751e8b465ee728b)
Start importing Assets/AI vs Player/Prefabs/MoveButtonPrefab.prefab using Guid(cd2ddb7757f314c669968b5ad957d53a) Importer(815301076,1909f56bfc062723c751e8b465ee728b)  -> (artifact id: 'bf931eeb638cc93a252757f58980b270') in 0.016197 seconds 
========================================================================
Received Import Request.
  Time since last request: 9.188120 seconds.
  path: Assets/Normal/Sprites/BlackPiece.png
  artifactKey: Guid(7fdcb16dbde934cce860e0f55f086c76) Importer(815301076,1909f56bfc062723c751e8b465ee728b)
Start importing Assets/Normal/Sprites/BlackPiece.png using Guid(7fdcb16dbde934cce860e0f55f086c76) Importer(815301076,1909f56bfc062723c751e8b465ee728b)  -> (artifact id: '38d3bc00c797c954107908b0aa91c7ed') in 0.019614 seconds 
========================================================================
Received Import Request.
  Time since last request: 0.000025 seconds.
  path: Assets/Normal/Sprites/WhitePiece.png
  artifactKey: Guid(050d6785c613847d1958f4a60fd19be6) Importer(815301076,1909f56bfc062723c751e8b465ee728b)
Start importing Assets/Normal/Sprites/WhitePiece.png using Guid(050d6785c613847d1958f4a60fd19be6) Importer(815301076,1909f56bfc062723c751e8b465ee728b)  -> (artifact id: 'b82171adb9b7b45998cd65b0ab0e3c2f') in 0.029802 seconds 
========================================================================
Received Import Request.
  Time since last request: 0.000021 seconds.
  path: Assets/Normal/Sprites/Triangle.png
  artifactKey: Guid(b5176bb15c096480496bd85561ce1b1f) Importer(815301076,1909f56bfc062723c751e8b465ee728b)
Start importing Assets/Normal/Sprites/Triangle.png using Guid(b5176bb15c096480496bd85561ce1b1f) Importer(815301076,1909f56bfc062723c751e8b465ee728b)  -> (artifact id: 'd5bfc7780739bda273e158dd370e4add') in 0.023257 seconds 
========================================================================
Received Import Request.
  Time since last request: 1.148692 seconds.
  path: Assets/Normal/Prefabs/MoveButtonPrefab.prefab
  artifactKey: Guid(b1ac67d0ecf524b1085c0729d06d31a8) Importer(815301076,1909f56bfc062723c751e8b465ee728b)
Start importing Assets/Normal/Prefabs/MoveButtonPrefab.prefab using Guid(b1ac67d0ecf524b1085c0729d06d31a8) Importer(815301076,1909f56bfc062723c751e8b465ee728b)  -> (artifact id: '9f749218f3269bbf8cee8503e3ebc16b') in 0.013125 seconds 
========================================================================
Received Import Request.
  Time since last request: 0.000022 seconds.
  path: Assets/Normal/Prefabs/NSpacePrefab.prefab
  artifactKey: Guid(864889983b0d2490a90f7f62efcd774e) Importer(815301076,1909f56bfc062723c751e8b465ee728b)
Start importing Assets/Normal/Prefabs/NSpacePrefab.prefab using Guid(864889983b0d2490a90f7f62efcd774e) Importer(815301076,1909f56bfc062723c751e8b465ee728b)  -> (artifact id: '06551e9e2700aeb2d64531794f1e2417') in 0.017237 seconds 
========================================================================
Received Prepare
Registering precompiled user dll's ...
Registered in 0.016488 seconds.
Begin MonoManager ReloadAssembly
Native extension for WindowsStandalone target not found
Refreshing native plugins compatible for Editor in 0.46 ms, found 2 plugins.
Preloading 0 native plugins for Editor in 0.00 ms.
Mono: successfully reloaded assembly
- Completed reload, in  1.247 seconds
Domain Reload Profiling:
	ReloadAssembly (1247ms)
		BeginReloadAssembly (229ms)
			ExecutionOrderSort (0ms)
			DisableScriptedObjects (4ms)
			BackupInstance (0ms)
			ReleaseScriptingObjects (0ms)
			CreateAndSetChildDomain (34ms)
		EndReloadAssembly (863ms)
			LoadAssemblies (174ms)
			RebuildTransferFunctionScriptingTraits (0ms)
			SetupTypeCache (166ms)
			ReleaseScriptCaches (1ms)
			RebuildScriptCaches (57ms)
			SetupLoadedEditorAssemblies (441ms)
				LogAssemblyErrors (0ms)
				InitializePlatformSupportModulesInManaged (24ms)
				SetLoadedEditorAssemblies (1ms)
				RefreshPlugins (1ms)
				BeforeProcessingInitializeOnLoad (132ms)
				ProcessInitializeOnLoadAttributes (203ms)
				ProcessInitializeOnLoadMethodAttributes (27ms)
				AfterProcessingInitializeOnLoad (55ms)
				EditorAssembliesLoaded (0ms)
			ExecutionOrderSort2 (0ms)
			AwakeInstancesAfterBackupRestoration (12ms)
Platform modules already initialized, skipping
Refreshing native plugins compatible for Editor in 3.23 ms, found 2 plugins.
Preloading 0 native plugins for Editor in 0.00 ms.
Unloading 1690 Unused Serialized files (Serialized files now loaded: 0)
Unloading 12 unused Assets / (24.6 KB). Loaded Objects now: 2198.
Memory consumption went from 89.8 MB to 89.7 MB.
Total: 2.605600 ms (FindLiveObjects: 0.142400 ms CreateObjectMapping: 0.040800 ms MarkObjects: 2.403900 ms  DeleteObjects: 0.017300 ms)

AssetImportParameters requested are different than current active one (requested -> active):
  custom:video-decoder-ogg-theora: a1e56fd34408186e4bbccfd4996cb3dc -> 
  custom:container-muxer-webm: aa71ff27fc2769a1b78a27578f13a17b -> 
  custom:container-demuxer-webm: 4f35f7cbe854078d1ac9338744f61a02 -> 
  custom:video-encoder-webm-vp8: eb34c28f22e8b96e1ab97ce403110664 -> 
  custom:video-codec-MediaFoundation-h265: 746d11721c4dcdbdad8f713fa42b33f4 -> 
  custom:audio-encoder-webm-vorbis: bf7c407c2cedff20999df2af8eb42d56 -> 
  custom:framework-win-MediaFoundation: 216162199b28c13a410421893ffa2e32 -> 
  custom:container-demuxer-ogg: 62fdf1f143b41e24485cea50d1cbac27 -> 
  custom:video-decoder-webm-vp8: 9c59270c3fd7afecdb556c50c9e8de78 -> 
  custom:audio-decoder-ogg-vorbis: bf7c407c2cedff20999df2af8eb42d56 -> 
Editor requested this worker to shutdown with reason: Scaling down because of idle timeout
AssetImportWorker is now disconnected from the server
Process exiting
Exiting without the bug reporter. Application will terminate with return code 0